<?xml version="1.0" encoding="UTF-8"?>
<testng-results ignored="0" total="11" passed="11" failed="0" skipped="0">
  <reporter-output>
  </reporter-output>
  <suite started-at="2020-03-01T16:38:58 PST" name="FREE CRM Application Test Automation Test Suite" finished-at="2020-03-01T16:40:14 PST" duration-ms="75940">
    <groups>
    </groups>
    <test started-at="2020-03-01T16:38:58 PST" name="Free CRM App Test Cases" finished-at="2020-03-01T16:40:14 PST" duration-ms="75940">
      <class name="com.crm.qa.testcases.HomePageTest">
        <test-method is-config="true" signature="setUp()[pri:0, instance:com.crm.qa.testcases.HomePageTest@309e345f]" started-at="2020-03-01T16:39:15 PST" name="setUp" finished-at="2020-03-01T16:39:18 PST" duration-ms="3589" status="PASS">
          <reporter-output>
          </reporter-output>
        </test-method> <!-- setUp -->
        <test-method signature="verifyHomePageTitleTest()[pri:1, instance:com.crm.qa.testcases.HomePageTest@309e345f]" started-at="2020-03-01T16:39:18 PST" name="verifyHomePageTitleTest" finished-at="2020-03-01T16:39:18 PST" duration-ms="7" status="PASS">
          <reporter-output>
          </reporter-output>
        </test-method> <!-- verifyHomePageTitleTest -->
        <test-method is-config="true" signature="tearDown()[pri:0, instance:com.crm.qa.testcases.HomePageTest@309e345f]" started-at="2020-03-01T16:39:18 PST" name="tearDown" finished-at="2020-03-01T16:39:19 PST" duration-ms="1076" status="PASS">
          <reporter-output>
          </reporter-output>
        </test-method> <!-- tearDown -->
        <test-method is-config="true" signature="setUp()[pri:0, instance:com.crm.qa.testcases.HomePageTest@309e345f]" started-at="2020-03-01T16:39:19 PST" name="setUp" finished-at="2020-03-01T16:39:23 PST" duration-ms="3643" status="PASS">
          <reporter-output>
          </reporter-output>
        </test-method> <!-- setUp -->
        <test-method signature="verifyUserNameTest()[pri:2, instance:com.crm.qa.testcases.HomePageTest@309e345f]" started-at="2020-03-01T16:39:23 PST" name="verifyUserNameTest" finished-at="2020-03-01T16:39:25 PST" duration-ms="2024" status="PASS">
          <reporter-output>
          </reporter-output>
        </test-method> <!-- verifyUserNameTest -->
        <test-method is-config="true" signature="tearDown()[pri:0, instance:com.crm.qa.testcases.HomePageTest@309e345f]" started-at="2020-03-01T16:39:25 PST" name="tearDown" finished-at="2020-03-01T16:39:26 PST" duration-ms="1436" status="PASS">
          <reporter-output>
          </reporter-output>
        </test-method> <!-- tearDown -->
        <test-method is-config="true" signature="setUp()[pri:0, instance:com.crm.qa.testcases.HomePageTest@309e345f]" started-at="2020-03-01T16:39:26 PST" name="setUp" finished-at="2020-03-01T16:39:30 PST" duration-ms="3887" status="PASS">
          <reporter-output>
          </reporter-output>
        </test-method> <!-- setUp -->
        <test-method signature="verifyContactsLinkTest()[pri:3, instance:com.crm.qa.testcases.HomePageTest@309e345f]" started-at="2020-03-01T16:39:30 PST" name="verifyContactsLinkTest" finished-at="2020-03-01T16:39:32 PST" duration-ms="1981" status="PASS">
          <reporter-output>
          </reporter-output>
        </test-method> <!-- verifyContactsLinkTest -->
        <test-method is-config="true" signature="tearDown()[pri:0, instance:com.crm.qa.testcases.HomePageTest@309e345f]" started-at="2020-03-01T16:39:32 PST" name="tearDown" finished-at="2020-03-01T16:39:33 PST" duration-ms="1094" status="PASS">
          <reporter-output>
          </reporter-output>
        </test-method> <!-- tearDown -->
      </class> <!-- com.crm.qa.testcases.HomePageTest -->
      <class name="com.crm.qa.testcases.ContactsPageTest">
        <test-method is-config="true" signature="setUp()[pri:0, instance:com.crm.qa.testcases.ContactsPageTest@56a6d5a6]" started-at="2020-03-01T16:39:33 PST" name="setUp" finished-at="2020-03-01T16:39:39 PST" duration-ms="5854" status="PASS">
          <reporter-output>
          </reporter-output>
        </test-method> <!-- setUp -->
        <test-method signature="verifyContactsPageLabel()[pri:1, instance:com.crm.qa.testcases.ContactsPageTest@56a6d5a6]" started-at="2020-03-01T16:39:39 PST" name="verifyContactsPageLabel" finished-at="2020-03-01T16:39:39 PST" duration-ms="41" status="PASS">
          <reporter-output>
          </reporter-output>
        </test-method> <!-- verifyContactsPageLabel -->
        <test-method is-config="true" signature="tearDown()[pri:0, instance:com.crm.qa.testcases.ContactsPageTest@56a6d5a6]" started-at="2020-03-01T16:39:39 PST" name="tearDown" finished-at="2020-03-01T16:39:40 PST" duration-ms="1211" status="PASS">
          <reporter-output>
          </reporter-output>
        </test-method> <!-- tearDown -->
        <test-method is-config="true" signature="setUp()[pri:0, instance:com.crm.qa.testcases.ContactsPageTest@56a6d5a6]" started-at="2020-03-01T16:39:40 PST" name="setUp" finished-at="2020-03-01T16:39:46 PST" duration-ms="5869" status="PASS">
          <reporter-output>
          </reporter-output>
        </test-method> <!-- setUp -->
        <test-method signature="selectContactsTest()[pri:2, instance:com.crm.qa.testcases.ContactsPageTest@56a6d5a6]" started-at="2020-03-01T16:39:46 PST" name="selectContactsTest" finished-at="2020-03-01T16:39:47 PST" duration-ms="223" status="PASS">
          <reporter-output>
          </reporter-output>
        </test-method> <!-- selectContactsTest -->
        <test-method is-config="true" signature="tearDown()[pri:0, instance:com.crm.qa.testcases.ContactsPageTest@56a6d5a6]" started-at="2020-03-01T16:39:47 PST" name="tearDown" finished-at="2020-03-01T16:39:48 PST" duration-ms="1125" status="PASS">
          <reporter-output>
          </reporter-output>
        </test-method> <!-- tearDown -->
        <test-method is-config="true" signature="setUp()[pri:0, instance:com.crm.qa.testcases.ContactsPageTest@56a6d5a6]" started-at="2020-03-01T16:39:48 PST" name="setUp" finished-at="2020-03-01T16:39:53 PST" duration-ms="5109" status="PASS">
          <reporter-output>
          </reporter-output>
        </test-method> <!-- setUp -->
        <test-method signature="validateCreateNewContact(java.lang.String, java.lang.String, java.lang.String, java.lang.String)[pri:3, instance:com.crm.qa.testcases.ContactsPageTest@56a6d5a6]" started-at="2020-03-01T16:39:53 PST" name="validateCreateNewContact" data-provider="getCRMTestData" finished-at="2020-03-01T16:39:55 PST" duration-ms="1833" status="PASS">
          <params>
            <param index="0">
              <value>
                <![CDATA[Mr.]]>
              </value>
            </param>
            <param index="1">
              <value>
                <![CDATA[Tom]]>
              </value>
            </param>
            <param index="2">
              <value>
                <![CDATA[Peter]]>
              </value>
            </param>
            <param index="3">
              <value>
                <![CDATA[Google]]>
              </value>
            </param>
          </params>
          <reporter-output>
          </reporter-output>
        </test-method> <!-- validateCreateNewContact -->
        <test-method is-config="true" signature="tearDown()[pri:0, instance:com.crm.qa.testcases.ContactsPageTest@56a6d5a6]" started-at="2020-03-01T16:39:55 PST" name="tearDown" finished-at="2020-03-01T16:39:56 PST" duration-ms="1235" status="PASS">
          <reporter-output>
          </reporter-output>
        </test-method> <!-- tearDown -->
        <test-method is-config="true" signature="setUp()[pri:0, instance:com.crm.qa.testcases.ContactsPageTest@56a6d5a6]" started-at="2020-03-01T16:39:56 PST" name="setUp" finished-at="2020-03-01T16:40:02 PST" duration-ms="5616" status="PASS">
          <reporter-output>
          </reporter-output>
        </test-method> <!-- setUp -->
        <test-method signature="validateCreateNewContact(java.lang.String, java.lang.String, java.lang.String, java.lang.String)[pri:3, instance:com.crm.qa.testcases.ContactsPageTest@56a6d5a6]" started-at="2020-03-01T16:40:02 PST" name="validateCreateNewContact" data-provider="getCRMTestData" finished-at="2020-03-01T16:40:04 PST" duration-ms="1922" status="PASS">
          <params>
            <param index="0">
              <value>
                <![CDATA[Dr.]]>
              </value>
            </param>
            <param index="1">
              <value>
                <![CDATA[David]]>
              </value>
            </param>
            <param index="2">
              <value>
                <![CDATA[Chris]]>
              </value>
            </param>
            <param index="3">
              <value>
                <![CDATA[Amazon]]>
              </value>
            </param>
          </params>
          <reporter-output>
          </reporter-output>
        </test-method> <!-- validateCreateNewContact -->
        <test-method is-config="true" signature="tearDown()[pri:0, instance:com.crm.qa.testcases.ContactsPageTest@56a6d5a6]" started-at="2020-03-01T16:40:04 PST" name="tearDown" finished-at="2020-03-01T16:40:05 PST" duration-ms="1130" status="PASS">
          <reporter-output>
          </reporter-output>
        </test-method> <!-- tearDown -->
        <test-method is-config="true" signature="setUp()[pri:0, instance:com.crm.qa.testcases.ContactsPageTest@56a6d5a6]" started-at="2020-03-01T16:40:05 PST" name="setUp" finished-at="2020-03-01T16:40:11 PST" duration-ms="5832" status="PASS">
          <reporter-output>
          </reporter-output>
        </test-method> <!-- setUp -->
        <test-method signature="validateCreateNewContact(java.lang.String, java.lang.String, java.lang.String, java.lang.String)[pri:3, instance:com.crm.qa.testcases.ContactsPageTest@56a6d5a6]" started-at="2020-03-01T16:40:11 PST" name="validateCreateNewContact" data-provider="getCRMTestData" finished-at="2020-03-01T16:40:13 PST" duration-ms="1831" status="PASS">
          <params>
            <param index="0">
              <value>
                <![CDATA[Mrs.]]>
              </value>
            </param>
            <param index="1">
              <value>
                <![CDATA[Maya]]>
              </value>
            </param>
            <param index="2">
              <value>
                <![CDATA[Bhatia]]>
              </value>
            </param>
            <param index="3">
              <value>
                <![CDATA[Ebay]]>
              </value>
            </param>
          </params>
          <reporter-output>
          </reporter-output>
        </test-method> <!-- validateCreateNewContact -->
        <test-method is-config="true" signature="tearDown()[pri:0, instance:com.crm.qa.testcases.ContactsPageTest@56a6d5a6]" started-at="2020-03-01T16:40:13 PST" name="tearDown" finished-at="2020-03-01T16:40:14 PST" duration-ms="1083" status="PASS">
          <reporter-output>
          </reporter-output>
        </test-method> <!-- tearDown -->
      </class> <!-- com.crm.qa.testcases.ContactsPageTest -->
      <class name="com.crm.qa.testcases.LoginPageTest">
        <test-method is-config="true" signature="setUp()[pri:0, instance:com.crm.qa.testcases.LoginPageTest@7a4ccb53]" started-at="2020-03-01T16:38:58 PST" name="setUp" finished-at="2020-03-01T16:39:04 PST" duration-ms="5957" status="PASS">
          <reporter-output>
          </reporter-output>
        </test-method> <!-- setUp -->
        <test-method signature="loginPageTitleTest()[pri:1, instance:com.crm.qa.testcases.LoginPageTest@7a4ccb53]" started-at="2020-03-01T16:39:04 PST" name="loginPageTitleTest" finished-at="2020-03-01T16:39:04 PST" duration-ms="24" status="PASS">
          <reporter-output>
          </reporter-output>
        </test-method> <!-- loginPageTitleTest -->
        <test-method is-config="true" signature="tearDown()[pri:0, instance:com.crm.qa.testcases.LoginPageTest@7a4ccb53]" started-at="2020-03-01T16:39:04 PST" name="tearDown" finished-at="2020-03-01T16:39:05 PST" duration-ms="1122" status="PASS">
          <reporter-output>
          </reporter-output>
        </test-method> <!-- tearDown -->
        <test-method is-config="true" signature="setUp()[pri:0, instance:com.crm.qa.testcases.LoginPageTest@7a4ccb53]" started-at="2020-03-01T16:39:05 PST" name="setUp" finished-at="2020-03-01T16:39:09 PST" duration-ms="3661" status="PASS">
          <reporter-output>
          </reporter-output>
        </test-method> <!-- setUp -->
        <test-method signature="crmLogoImageTest()[pri:2, instance:com.crm.qa.testcases.LoginPageTest@7a4ccb53]" started-at="2020-03-01T16:39:09 PST" name="crmLogoImageTest" finished-at="2020-03-01T16:39:09 PST" duration-ms="90" status="PASS">
          <reporter-output>
          </reporter-output>
        </test-method> <!-- crmLogoImageTest -->
        <test-method is-config="true" signature="tearDown()[pri:0, instance:com.crm.qa.testcases.LoginPageTest@7a4ccb53]" started-at="2020-03-01T16:39:09 PST" name="tearDown" finished-at="2020-03-01T16:39:10 PST" duration-ms="1056" status="PASS">
          <reporter-output>
          </reporter-output>
        </test-method> <!-- tearDown -->
        <test-method is-config="true" signature="setUp()[pri:0, instance:com.crm.qa.testcases.LoginPageTest@7a4ccb53]" started-at="2020-03-01T16:39:10 PST" name="setUp" finished-at="2020-03-01T16:39:13 PST" duration-ms="3491" status="PASS">
          <reporter-output>
          </reporter-output>
        </test-method> <!-- setUp -->
        <test-method signature="loginTest()[pri:3, instance:com.crm.qa.testcases.LoginPageTest@7a4ccb53]" started-at="2020-03-01T16:39:13 PST" name="loginTest" finished-at="2020-03-01T16:39:13 PST" duration-ms="103" status="PASS">
          <reporter-output>
          </reporter-output>
        </test-method> <!-- loginTest -->
        <test-method is-config="true" signature="tearDown()[pri:0, instance:com.crm.qa.testcases.LoginPageTest@7a4ccb53]" started-at="2020-03-01T16:39:13 PST" name="tearDown" finished-at="2020-03-01T16:39:15 PST" duration-ms="1190" status="PASS">
          <reporter-output>
          </reporter-output>
        </test-method> <!-- tearDown -->
      </class> <!-- com.crm.qa.testcases.LoginPageTest -->
    </test> <!-- Free CRM App Test Cases -->
  </suite> <!-- FREE CRM Application Test Automation Test Suite -->
</testng-results>
